<?xml version="1.0" encoding="UTF-8"?>
<testng-results ignored="0" total="3" passed="3" failed="0" skipped="0">
  <reporter-output>
  </reporter-output>
  <suite started-at="2021-06-16T17:07:59 IST" name="Suite" finished-at="2021-06-16T17:08:45 IST" duration-ms="46338">
    <groups>
    </groups>
    <test started-at="2021-06-16T17:07:59 IST" name="Test" finished-at="2021-06-16T17:08:45 IST" duration-ms="46338">
      <class name="testcases.TC_002">
        <test-method signature="tc001()[pri:0, instance:testcases.TC_002@6107227e]" started-at="2021-06-16T17:08:30 IST" name="tc001" finished-at="2021-06-16T17:08:37 IST" duration-ms="7275" status="PASS">
          <reporter-output>
          </reporter-output>
        </test-method> <!-- tc001 -->
      </class> <!-- testcases.TC_002 -->
      <class name="testcases.TC_001">
        <test-method signature="tc001()[pri:0, instance:testcases.TC_001@6f3b5d16]" started-at="2021-06-16T17:07:59 IST" name="tc001" finished-at="2021-06-16T17:08:30 IST" duration-ms="31379" status="PASS">
          <reporter-output>
          </reporter-output>
        </test-method> <!-- tc001 -->
      </class> <!-- testcases.TC_001 -->
      <class name="testcases.TC_003">
        <test-method signature="tc001()[pri:0, instance:testcases.TC_003@7c417213]" started-at="2021-06-16T17:08:37 IST" name="tc001" finished-at="2021-06-16T17:08:45 IST" duration-ms="7622" status="PASS">
          <reporter-output>
          </reporter-output>
        </test-method> <!-- tc001 -->
      </class> <!-- testcases.TC_003 -->
    </test> <!-- Test -->
  </suite> <!-- Suite -->
</testng-results>
