<?xml version="1.0" encoding="UTF-8"?>
<testng-results skipped="0" failed="0" ignored="0" total="3" passed="3">
  <reporter-output>
  </reporter-output>
  <suite name="Suite" duration-ms="25312" started-at="2021-06-17T13:20:18 IST" finished-at="2021-06-17T13:20:43 IST">
    <groups>
    </groups>
    <test name="Test" duration-ms="25312" started-at="2021-06-17T13:20:18 IST" finished-at="2021-06-17T13:20:43 IST">
      <class name="testcases.TC_002">
        <test-method status="PASS" signature="tc001()[pri:0, instance:testcases.TC_002@536aaa8d]" name="tc001" duration-ms="6394" started-at="2021-06-17T13:20:30 IST" finished-at="2021-06-17T13:20:37 IST">
          <reporter-output>
          </reporter-output>
        </test-method> <!-- tc001 -->
      </class> <!-- testcases.TC_002 -->
      <class name="testcases.TC_001">
        <test-method status="PASS" signature="tc001()[pri:0, instance:testcases.TC_001@74650e52]" name="tc001" duration-ms="12160" started-at="2021-06-17T13:20:18 IST" finished-at="2021-06-17T13:20:30 IST">
          <reporter-output>
          </reporter-output>
        </test-method> <!-- tc001 -->
      </class> <!-- testcases.TC_001 -->
      <class name="testcases.TC_003">
        <test-method status="PASS" signature="tc001()[pri:0, instance:testcases.TC_003@e320068]" name="tc001" duration-ms="6707" started-at="2021-06-17T13:20:37 IST" finished-at="2021-06-17T13:20:43 IST">
          <reporter-output>
          </reporter-output>
        </test-method> <!-- tc001 -->
      </class> <!-- testcases.TC_003 -->
    </test> <!-- Test -->
  </suite> <!-- Suite -->
</testng-results>
